==9531== Memcheck, a memory error detector
==9531== Copyright (C) 2002-2017, and GNU GPL'd, by Julian Seward et al.
==9531== Using Valgrind-3.15.0-608cb11914-20190413 and LibVEX; rerun with -h for copyright info
==9531== Command: ./aesdsocket
==9531== 
--9531-- Valgrind options:
--9531--    --leak-check=full
--9531--    --show-leak-kinds=all
--9531--    --track-origins=yes
--9531--    --verbose
--9531-- Contents of /proc/version:
--9531--   Linux version 5.15.0-117-generic (buildd@lcy02-amd64-037) (gcc (Ubuntu 9.4.0-1ubuntu1~20.04.2) 9.4.0, GNU ld (GNU Binutils for Ubuntu) 2.34) #127~20.04.1-Ubuntu SMP Thu Jul 11 15:36:12 UTC 2024
--9531-- 
--9531-- Arch and hwcaps: AMD64, LittleEndian, amd64-cx16-lzcnt-rdtscp-sse3-ssse3-avx-avx2-bmi-rdrand
--9531-- Page sizes: currently 4096, max supported 4096
--9531-- Valgrind library directory: /usr/lib/x86_64-linux-gnu/valgrind
--9531-- Reading syms from /home/ajippolito/assignment-1-alecippolito/server/aesdsocket
--9531-- Reading syms from /usr/lib/x86_64-linux-gnu/ld-2.31.so
--9531--   Considering /usr/lib/debug/.build-id/db/0420f708b806cf03260aadb916c330049580b7.debug ..
--9531--   .. build-id is valid
--9531-- Reading syms from /usr/lib/x86_64-linux-gnu/valgrind/memcheck-amd64-linux
--9531--    object doesn't have a symbol table
--9531--    object doesn't have a dynamic symbol table
--9531-- Scheduler: using generic scheduler lock implementation.
--9531-- Reading suppressions file: /usr/lib/x86_64-linux-gnu/valgrind/default.supp
==9531== embedded gdbserver: reading from /tmp/vgdb-pipe-from-vgdb-to-9531-by-ajippolito-on-???
==9531== embedded gdbserver: writing to   /tmp/vgdb-pipe-to-vgdb-from-9531-by-ajippolito-on-???
==9531== embedded gdbserver: shared mem   /tmp/vgdb-pipe-shared-mem-vgdb-9531-by-ajippolito-on-???
==9531== 
==9531== TO CONTROL THIS PROCESS USING vgdb (which you probably
==9531== don't want to do, unless you know exactly what you're doing,
==9531== or are doing some strange experiment):
==9531==   /usr/lib/x86_64-linux-gnu/valgrind/../../bin/vgdb --pid=9531 ...command...
==9531== 
==9531== TO DEBUG THIS PROCESS USING GDB: start GDB like this
==9531==   /path/to/gdb ./aesdsocket
==9531== and then give GDB the following command
==9531==   target remote | /usr/lib/x86_64-linux-gnu/valgrind/../../bin/vgdb --pid=9531
==9531== --pid is optional if only one valgrind process is running
==9531== 
--9531-- REDIR: 0x4022e20 (ld-linux-x86-64.so.2:strlen) redirected to 0x580c9ce2 (???)
--9531-- REDIR: 0x4022bf0 (ld-linux-x86-64.so.2:index) redirected to 0x580c9cfc (???)
--9531-- Reading syms from /usr/lib/x86_64-linux-gnu/valgrind/vgpreload_core-amd64-linux.so
--9531--    object doesn't have a symbol table
--9531-- Reading syms from /usr/lib/x86_64-linux-gnu/valgrind/vgpreload_memcheck-amd64-linux.so
--9531--    object doesn't have a symbol table
==9531== WARNING: new redirection conflicts with existing -- ignoring it
--9531--     old: 0x04022e20 (strlen              ) R-> (0000.0) 0x580c9ce2 ???
--9531--     new: 0x04022e20 (strlen              ) R-> (2007.0) 0x0483f060 strlen
--9531-- REDIR: 0x401f600 (ld-linux-x86-64.so.2:strcmp) redirected to 0x483ffd0 (strcmp)
--9531-- REDIR: 0x4023380 (ld-linux-x86-64.so.2:mempcpy) redirected to 0x4843a20 (mempcpy)
--9531-- Reading syms from /usr/lib/x86_64-linux-gnu/libc-2.31.so
--9531--   Considering /usr/lib/debug/.build-id/07/02430aef5fa3dda43986563e9ffcc47efbd75e.debug ..
--9531--   .. build-id is valid
--9531-- REDIR: 0x48fc480 (libc.so.6:memmove) redirected to 0x48311d0 (_vgnU_ifunc_wrapper)
--9531-- REDIR: 0x48fb780 (libc.so.6:strncpy) redirected to 0x48311d0 (_vgnU_ifunc_wrapper)
--9531-- REDIR: 0x48fc7b0 (libc.so.6:strcasecmp) redirected to 0x48311d0 (_vgnU_ifunc_wrapper)
--9531-- REDIR: 0x48fb0a0 (libc.so.6:strcat) redirected to 0x48311d0 (_vgnU_ifunc_wrapper)
--9531-- REDIR: 0x48fb7e0 (libc.so.6:rindex) redirected to 0x48311d0 (_vgnU_ifunc_wrapper)
--9531-- REDIR: 0x48fdc50 (libc.so.6:rawmemchr) redirected to 0x48311d0 (_vgnU_ifunc_wrapper)
--9531-- REDIR: 0x4918ce0 (libc.so.6:wmemchr) redirected to 0x48311d0 (_vgnU_ifunc_wrapper)
--9531-- REDIR: 0x4918820 (libc.so.6:wcscmp) redirected to 0x48311d0 (_vgnU_ifunc_wrapper)
--9531-- REDIR: 0x48fc5e0 (libc.so.6:mempcpy) redirected to 0x48311d0 (_vgnU_ifunc_wrapper)
--9531-- REDIR: 0x48fc410 (libc.so.6:bcmp) redirected to 0x48311d0 (_vgnU_ifunc_wrapper)
--9531-- REDIR: 0x48fb710 (libc.so.6:strncmp) redirected to 0x48311d0 (_vgnU_ifunc_wrapper)
--9531-- REDIR: 0x48fb150 (libc.so.6:strcmp) redirected to 0x48311d0 (_vgnU_ifunc_wrapper)
--9531-- REDIR: 0x48fc540 (libc.so.6:memset) redirected to 0x48311d0 (_vgnU_ifunc_wrapper)
--9531-- REDIR: 0x49187e0 (libc.so.6:wcschr) redirected to 0x48311d0 (_vgnU_ifunc_wrapper)
--9531-- REDIR: 0x48fb670 (libc.so.6:strnlen) redirected to 0x48311d0 (_vgnU_ifunc_wrapper)
--9531-- REDIR: 0x48fb230 (libc.so.6:strcspn) redirected to 0x48311d0 (_vgnU_ifunc_wrapper)
--9531-- REDIR: 0x48fc800 (libc.so.6:strncasecmp) redirected to 0x48311d0 (_vgnU_ifunc_wrapper)
--9531-- REDIR: 0x48fb1d0 (libc.so.6:strcpy) redirected to 0x48311d0 (_vgnU_ifunc_wrapper)
--9531-- REDIR: 0x48fc950 (libc.so.6:memcpy@@GLIBC_2.14) redirected to 0x48311d0 (_vgnU_ifunc_wrapper)
--9531-- REDIR: 0x4919f50 (libc.so.6:wcsnlen) redirected to 0x48311d0 (_vgnU_ifunc_wrapper)
--9531-- REDIR: 0x4918860 (libc.so.6:wcscpy) redirected to 0x48311d0 (_vgnU_ifunc_wrapper)
--9531-- REDIR: 0x48fb820 (libc.so.6:strpbrk) redirected to 0x48311d0 (_vgnU_ifunc_wrapper)
--9531-- REDIR: 0x48fb100 (libc.so.6:index) redirected to 0x48311d0 (_vgnU_ifunc_wrapper)
--9531-- REDIR: 0x48fb630 (libc.so.6:strlen) redirected to 0x48311d0 (_vgnU_ifunc_wrapper)
--9531-- REDIR: 0x4904bb0 (libc.so.6:memrchr) redirected to 0x48311d0 (_vgnU_ifunc_wrapper)
--9531-- REDIR: 0x48fc850 (libc.so.6:strcasecmp_l) redirected to 0x48311d0 (_vgnU_ifunc_wrapper)
--9531-- REDIR: 0x48fc3d0 (libc.so.6:memchr) redirected to 0x48311d0 (_vgnU_ifunc_wrapper)
--9531-- REDIR: 0x4918930 (libc.so.6:wcslen) redirected to 0x48311d0 (_vgnU_ifunc_wrapper)
--9531-- REDIR: 0x48fbae0 (libc.so.6:strspn) redirected to 0x48311d0 (_vgnU_ifunc_wrapper)
--9531-- REDIR: 0x48fc750 (libc.so.6:stpncpy) redirected to 0x48311d0 (_vgnU_ifunc_wrapper)
--9531-- REDIR: 0x48fc6f0 (libc.so.6:stpcpy) redirected to 0x48311d0 (_vgnU_ifunc_wrapper)
--9531-- REDIR: 0x48fdc90 (libc.so.6:strchrnul) redirected to 0x48311d0 (_vgnU_ifunc_wrapper)
--9531-- REDIR: 0x48fc8a0 (libc.so.6:strncasecmp_l) redirected to 0x48311d0 (_vgnU_ifunc_wrapper)
--9531-- REDIR: 0x49e4730 (libc.so.6:__strrchr_avx2) redirected to 0x483ea10 (rindex)
--9531-- REDIR: 0x48f60e0 (libc.so.6:malloc) redirected to 0x483b780 (malloc)
--9531-- REDIR: 0x48f7b10 (libc.so.6:calloc) redirected to 0x483dce0 (calloc)
--9531-- REDIR: 0x49e4540 (libc.so.6:__strchrnul_avx2) redirected to 0x4843540 (strchrnul)
--9531-- REDIR: 0x49e4900 (libc.so.6:__strlen_avx2) redirected to 0x483ef40 (strlen)
--9531-- REDIR: 0x48f66d0 (libc.so.6:free) redirected to 0x483c9d0 (free)
--9531-- REDIR: 0x49e7910 (libc.so.6:__memcpy_avx_unaligned_erms) redirected to 0x48429f0 (memmove)
--9531-- REDIR: 0x48fbfa0 (libc.so.6:__GI_strstr) redirected to 0x4843ca0 (__strstr_sse2)
--9531-- REDIR: 0x49e0ef0 (libc.so.6:__memcmp_avx2_movbe) redirected to 0x48421e0 (bcmp)
--9531-- REDIR: 0x49dfdf0 (libc.so.6:__strcmp_avx2) redirected to 0x483fed0 (strcmp)
--9531-- REDIR: 0x49e7d90 (libc.so.6:__memset_avx2_unaligned_erms) redirected to 0x48428e0 (memset)
--9531-- REDIR: 0x49e78f0 (libc.so.6:__mempcpy_avx_unaligned_erms) redirected to 0x4843660 (mempcpy)
--9531-- REDIR: 0x48f6e80 (libc.so.6:realloc) redirected to 0x483df30 (realloc)
--9531-- REDIR: 0x49e6b30 (libc.so.6:__stpcpy_avx2) redirected to 0x4842300 (stpcpy)
==9531== 
==9531== HEAP SUMMARY:
==9531==     in use at exit: 0 bytes in 0 blocks
==9531==   total heap usage: 33 allocs, 33 frees, 77,110 bytes allocated
==9531== 
==9531== All heap blocks were freed -- no leaks are possible
==9531== 
==9531== ERROR SUMMARY: 0 errors from 0 contexts (suppressed: 0 from 0)
